<?xml version="1.0" encoding="UTF-8"?>
<testsuite xmlns:xsi="http://www.w3.org/2001/XMLSchema-instance" xsi:noNamespaceSchemaLocation="https://maven.apache.org/surefire/maven-surefire-plugin/xsd/surefire-test-report.xsd" name="com.epam.quizapplication.QuizAllotmentTest" time="0.007" tests="2" errors="0" skipped="0" failures="0">
  <properties>
[...]
</properties>
  <testcase name="testGetQuestions" classname="com.epam.quizapplication.QuizAllotmentTest" time="0.001"/>
  <testcase name="testAllotQuiz" classname="com.epam.quizapplication.QuizAllotmentTest" time="0.001"/>
</testsuite>